
**** Build of configuration Debug for project keypad ****

"C:\\ti\\ccsv8\\utils\\bin\\gmake" -k -j 8 all -O 
 
Building target: "keypad.out"
Invoking: ARM Linker
"C:/ti/ccsv8/tools/compiler/ti-cgt-arm_18.1.1.LTS/bin/armcl" -mv7M4 --code_state=16 --float_support=FPv4SPD16 -me --advice:power=all --define=__MSP432P401R__ --define=ccs -g --gcc --diag_warning=225 --diag_wrap=off --display_error_number --abi=eabi -z -m"keypad.map" --heap_size=1024 --stack_size=512 -i"C:/ti/ccsv8/ccs_base/arm/include" -i"C:/ti/ccsv8/tools/compiler/ti-cgt-arm_18.1.1.LTS/lib" -i"C:/ti/ccsv8/tools/compiler/ti-cgt-arm_18.1.1.LTS/include" --reread_libs --diag_wrap=off --display_error_number --warn_sections --xml_link_info="keypad_linkInfo.xml" --rom_model -o "keypad.out" "./keypad.obj" "./main.obj" "./startup_msp432p401r_ccs.obj" "./system_msp432p401r.obj" "../msp432p401r.cmd"  -llibc.a 
<Linking>
error #10056: symbol "LED_set" redefined: first defined in "./keypad.obj"; redefined in "./main.obj"
error #10056: symbol "keypad_getkey" redefined: first defined in "./keypad.obj"; redefined in "./main.obj"
error #10056: symbol "main" redefined: first defined in "./keypad.obj"; redefined in "./main.obj"
error #10056: symbol "delay" redefined: first defined in "./keypad.obj"; redefined in "./main.obj"
error #10056: symbol "LED_init" redefined: first defined in "./keypad.obj"; redefined in "./main.obj"
error #10056: symbol "keypad_init" redefined: first defined in "./keypad.obj"; redefined in "./main.obj"
remark #10371-D: (ULP 1.1) Detected no uses of low power mode state changing instructions
error #10010: errors encountered during linking; "keypad.out" not built
remark #10372-D: (ULP 4.1) Detected uninitialized Port 1 in this project. Recommend initializing all unused ports to eliminate wasted current consumption on unused pins.
remark #10372-D: (ULP 4.1) Detected uninitialized Port 2 in this project. Recommend initializing all unused ports to eliminate wasted current consumption on unused pins.
remark #10372-D: (ULP 4.1) Detected uninitialized Port 3 in this project. Recommend initializing all unused ports to eliminate wasted current consumption on unused pins.
remark #10372-D: (ULP 4.1) Detected uninitialized Port 4 in this project. Recommend initializing all unused ports to eliminate wasted current consumption on unused pins.
remark #10372-D: (ULP 4.1) Detected uninitialized Port 5 in this project. Recommend initializing all unused ports to eliminate wasted current consumption on unused pins.
remark #10372-D: (ULP 4.1) Detected uninitialized Port 6 in this project. Recommend initializing all unused ports to eliminate wasted current consumption on unused pins.
remark #10372-D: (ULP 4.1) Detected uninitialized Port 7 in this project. Recommend initializing all unused ports to eliminate wasted current consumption on unused pins.
remark #10372-D: (ULP 4.1) Detected uninitialized Port 8 in this project. Recommend initializing all unused ports to eliminate wasted current consumption on unused pins.
remark #10372-D: (ULP 4.1) Detected uninitialized Port 9 in this project. Recommend initializing all unused ports to eliminate wasted current consumption on unused pins.
remark #10372-D: (ULP 4.1) Detected uninitialized Port 10 in this project. Recommend initializing all unused ports to eliminate wasted current consumption on unused pins.
 
>> Compilation failure
makefile:144: recipe for target 'keypad.out' failed
gmake[1]: *** [keypad.out] Error 1
makefile:140: recipe for target 'all' failed
gmake: *** [all] Error 2

**** Build Finished ****
